INFO:     Will watch for changes in these directories: ['/Users/doyoung_kim/Documents/Git/report/backend']
INFO:     Uvicorn running on http://0.0.0.0:8000 (Press CTRL+C to quit)
INFO:     Started reloader process [11022] using WatchFiles
/Users/doyoung_kim/Documents/Git/report/backend/venv/lib/python3.9/site-packages/pypdf/_crypt_providers/_cryptography.py:32: CryptographyDeprecationWarning: ARC4 has been moved to cryptography.hazmat.decrepit.ciphers.algorithms.ARC4 and will be removed from cryptography.hazmat.primitives.ciphers.algorithms in 48.0.0.
  from cryptography.hazmat.primitives.ciphers.algorithms import AES, ARC4
INFO:     Started server process [11032]
INFO:     Waiting for application startup.
INFO:     Application startup complete.
INFO:     127.0.0.1:57420 - "GET /api/templates HTTP/1.1" 200 OK
INFO:     127.0.0.1:57457 - "GET /api/templates HTTP/1.1" 200 OK
INFO:     127.0.0.1:57461 - "GET /api/templates HTTP/1.1" 200 OK
INFO:     127.0.0.1:57470 - "GET /api/templates HTTP/1.1" 200 OK
INFO:     127.0.0.1:57473 - "GET /api/templates HTTP/1.1" 200 OK
INFO:     127.0.0.1:57479 - "GET /api/templates/2dceb4e0-5d04-4843-8fe7-365b39e2858e HTTP/1.1" 200 OK
INFO:     127.0.0.1:57481 - "GET /api/templates/2dceb4e0-5d04-4843-8fe7-365b39e2858e HTTP/1.1" 200 OK
INFO:     127.0.0.1:57483 - "GET /api/templates/2dceb4e0-5d04-4843-8fe7-365b39e2858e/preview?page=1 HTTP/1.1" 200 OK
INFO:     127.0.0.1:57485 - "GET /api/templates/2dceb4e0-5d04-4843-8fe7-365b39e2858e/preview?page=1 HTTP/1.1" 200 OK
✓ 페이지 1에 폰트 등록: NotoSansJP (/Users/doyoung_kim/Documents/Git/report/backend/fonts/NotoSansJP-VF.ttf)
✓ 페이지 1에 폰트 등록: NotoSansKR (/Users/doyoung_kim/Documents/Git/report/backend/fonts/NotoSansKR-VF.ttf)
INFO:     127.0.0.1:57551 - "POST /api/render/2dceb4e0-5d04-4843-8fe7-365b39e2858e HTTP/1.1" 200 OK
INFO:     127.0.0.1:58675 - "GET /api/templates/2dceb4e0-5d04-4843-8fe7-365b39e2858e HTTP/1.1" 200 OK
INFO:     127.0.0.1:58676 - "GET /api/templates/2dceb4e0-5d04-4843-8fe7-365b39e2858e/preview?page=1 HTTP/1.1" 200 OK
INFO:     127.0.0.1:58679 - "GET /api/templates/2dceb4e0-5d04-4843-8fe7-365b39e2858e/preview?page=1 HTTP/1.1" 200 OK
INFO:     127.0.0.1:58689 - "GET /api/templates/2dceb4e0-5d04-4843-8fe7-365b39e2858e HTTP/1.1" 200 OK
INFO:     127.0.0.1:58688 - "GET /api/templates/2dceb4e0-5d04-4843-8fe7-365b39e2858e/preview?page=1 HTTP/1.1" 200 OK
INFO:     127.0.0.1:58693 - "GET /api/templates/2dceb4e0-5d04-4843-8fe7-365b39e2858e/preview?page=1 HTTP/1.1" 200 OK
INFO:     127.0.0.1:58737 - "GET /api/templates/2dceb4e0-5d04-4843-8fe7-365b39e2858e HTTP/1.1" 200 OK
INFO:     127.0.0.1:58738 - "GET /api/templates/2dceb4e0-5d04-4843-8fe7-365b39e2858e/preview?page=1 HTTP/1.1" 200 OK
INFO:     127.0.0.1:58741 - "GET /api/templates/2dceb4e0-5d04-4843-8fe7-365b39e2858e/preview?page=1 HTTP/1.1" 200 OK
INFO:     127.0.0.1:58790 - "GET /api/templates/2dceb4e0-5d04-4843-8fe7-365b39e2858e HTTP/1.1" 200 OK
INFO:     127.0.0.1:58792 - "GET /api/templates/2dceb4e0-5d04-4843-8fe7-365b39e2858e/preview?page=1 HTTP/1.1" 200 OK
INFO:     127.0.0.1:58795 - "GET /api/templates/2dceb4e0-5d04-4843-8fe7-365b39e2858e/preview?page=1 HTTP/1.1" 200 OK
INFO:     127.0.0.1:58863 - "GET /api/templates/2dceb4e0-5d04-4843-8fe7-365b39e2858e HTTP/1.1" 200 OK
INFO:     127.0.0.1:58866 - "GET /api/templates/2dceb4e0-5d04-4843-8fe7-365b39e2858e HTTP/1.1" 200 OK
INFO:     127.0.0.1:58870 - "GET /api/templates/2dceb4e0-5d04-4843-8fe7-365b39e2858e/preview?page=1 HTTP/1.1" 200 OK
INFO:     127.0.0.1:58873 - "GET /api/templates/2dceb4e0-5d04-4843-8fe7-365b39e2858e/preview?page=1 HTTP/1.1" 200 OK
INFO:     127.0.0.1:58896 - "GET /api/templates/2dceb4e0-5d04-4843-8fe7-365b39e2858e HTTP/1.1" 200 OK
INFO:     127.0.0.1:58897 - "GET /api/templates/2dceb4e0-5d04-4843-8fe7-365b39e2858e/preview?page=1 HTTP/1.1" 200 OK
INFO:     127.0.0.1:58900 - "GET /api/templates/2dceb4e0-5d04-4843-8fe7-365b39e2858e/preview?page=1 HTTP/1.1" 200 OK
INFO:     127.0.0.1:58928 - "GET /api/templates/2dceb4e0-5d04-4843-8fe7-365b39e2858e HTTP/1.1" 200 OK
INFO:     127.0.0.1:58929 - "GET /api/templates/2dceb4e0-5d04-4843-8fe7-365b39e2858e/preview?page=1 HTTP/1.1" 200 OK
INFO:     127.0.0.1:58933 - "GET /api/templates/2dceb4e0-5d04-4843-8fe7-365b39e2858e/preview?page=1 HTTP/1.1" 200 OK
INFO:     127.0.0.1:61707 - "GET /api/templates HTTP/1.1" 200 OK
INFO:     127.0.0.1:61713 - "GET /api/templates/2dceb4e0-5d04-4843-8fe7-365b39e2858e HTTP/1.1" 200 OK
INFO:     127.0.0.1:61715 - "GET /api/templates/2dceb4e0-5d04-4843-8fe7-365b39e2858e HTTP/1.1" 200 OK
INFO:     127.0.0.1:61717 - "GET /api/templates/2dceb4e0-5d04-4843-8fe7-365b39e2858e/preview?page=1 HTTP/1.1" 200 OK
INFO:     127.0.0.1:61719 - "GET /api/templates/2dceb4e0-5d04-4843-8fe7-365b39e2858e/preview?page=1 HTTP/1.1" 200 OK
INFO:     127.0.0.1:61961 - "GET /api/templates/2dceb4e0-5d04-4843-8fe7-365b39e2858e HTTP/1.1" 200 OK
INFO:     127.0.0.1:61963 - "GET /api/templates/2dceb4e0-5d04-4843-8fe7-365b39e2858e/preview?page=1 HTTP/1.1" 200 OK
INFO:     127.0.0.1:61967 - "GET /api/templates/2dceb4e0-5d04-4843-8fe7-365b39e2858e/preview?page=1 HTTP/1.1" 200 OK
INFO:     127.0.0.1:61982 - "GET /api/templates/2dceb4e0-5d04-4843-8fe7-365b39e2858e HTTP/1.1" 200 OK
INFO:     127.0.0.1:61984 - "GET /api/templates/2dceb4e0-5d04-4843-8fe7-365b39e2858e/preview?page=1 HTTP/1.1" 200 OK
INFO:     127.0.0.1:61987 - "GET /api/templates/2dceb4e0-5d04-4843-8fe7-365b39e2858e/preview?page=1 HTTP/1.1" 200 OK
INFO:     127.0.0.1:62016 - "GET /api/templates/2dceb4e0-5d04-4843-8fe7-365b39e2858e HTTP/1.1" 200 OK
INFO:     127.0.0.1:62018 - "GET /api/templates/2dceb4e0-5d04-4843-8fe7-365b39e2858e/preview?page=1 HTTP/1.1" 200 OK
INFO:     127.0.0.1:62021 - "GET /api/templates/2dceb4e0-5d04-4843-8fe7-365b39e2858e/preview?page=1 HTTP/1.1" 200 OK
INFO:     127.0.0.1:62039 - "GET /api/templates/2dceb4e0-5d04-4843-8fe7-365b39e2858e HTTP/1.1" 200 OK
INFO:     127.0.0.1:62040 - "GET /api/templates/2dceb4e0-5d04-4843-8fe7-365b39e2858e/preview?page=1 HTTP/1.1" 200 OK
INFO:     127.0.0.1:62043 - "GET /api/templates/2dceb4e0-5d04-4843-8fe7-365b39e2858e/preview?page=1 HTTP/1.1" 200 OK
INFO:     127.0.0.1:64130 - "GET /api/templates/2dceb4e0-5d04-4843-8fe7-365b39e2858e HTTP/1.1" 200 OK
INFO:     127.0.0.1:64131 - "GET /api/templates/2dceb4e0-5d04-4843-8fe7-365b39e2858e/preview?page=1 HTTP/1.1" 200 OK
INFO:     127.0.0.1:64134 - "GET /api/templates/2dceb4e0-5d04-4843-8fe7-365b39e2858e/preview?page=1 HTTP/1.1" 200 OK
INFO:     127.0.0.1:64190 - "GET /api/templates/2dceb4e0-5d04-4843-8fe7-365b39e2858e HTTP/1.1" 200 OK
INFO:     127.0.0.1:64192 - "GET /api/templates/2dceb4e0-5d04-4843-8fe7-365b39e2858e/preview?page=1 HTTP/1.1" 200 OK
INFO:     127.0.0.1:64195 - "GET /api/templates/2dceb4e0-5d04-4843-8fe7-365b39e2858e/preview?page=1 HTTP/1.1" 200 OK
INFO:     127.0.0.1:64498 - "GET /api/templates/2dceb4e0-5d04-4843-8fe7-365b39e2858e HTTP/1.1" 200 OK
INFO:     127.0.0.1:64500 - "GET /api/templates/2dceb4e0-5d04-4843-8fe7-365b39e2858e/preview?page=1 HTTP/1.1" 200 OK
INFO:     127.0.0.1:64503 - "GET /api/templates/2dceb4e0-5d04-4843-8fe7-365b39e2858e/preview?page=1 HTTP/1.1" 200 OK
INFO:     127.0.0.1:64526 - "GET /api/templates/2dceb4e0-5d04-4843-8fe7-365b39e2858e HTTP/1.1" 200 OK
INFO:     127.0.0.1:64525 - "GET /api/templates/2dceb4e0-5d04-4843-8fe7-365b39e2858e/preview?page=1 HTTP/1.1" 200 OK
INFO:     127.0.0.1:64529 - "GET /api/templates/2dceb4e0-5d04-4843-8fe7-365b39e2858e/preview?page=1 HTTP/1.1" 200 OK
INFO:     127.0.0.1:64614 - "GET /api/templates/2dceb4e0-5d04-4843-8fe7-365b39e2858e HTTP/1.1" 200 OK
INFO:     127.0.0.1:64616 - "GET /api/templates/2dceb4e0-5d04-4843-8fe7-365b39e2858e/preview?page=1 HTTP/1.1" 200 OK
INFO:     127.0.0.1:64619 - "GET /api/templates/2dceb4e0-5d04-4843-8fe7-365b39e2858e/preview?page=1 HTTP/1.1" 200 OK
INFO:     127.0.0.1:64668 - "GET /api/templates/2dceb4e0-5d04-4843-8fe7-365b39e2858e HTTP/1.1" 200 OK
INFO:     127.0.0.1:64669 - "GET /api/templates/2dceb4e0-5d04-4843-8fe7-365b39e2858e/preview?page=1 HTTP/1.1" 200 OK
INFO:     127.0.0.1:64672 - "GET /api/templates/2dceb4e0-5d04-4843-8fe7-365b39e2858e/preview?page=1 HTTP/1.1" 200 OK
INFO:     127.0.0.1:64692 - "GET /api/templates/2dceb4e0-5d04-4843-8fe7-365b39e2858e HTTP/1.1" 200 OK
INFO:     127.0.0.1:64693 - "GET /api/templates/2dceb4e0-5d04-4843-8fe7-365b39e2858e/preview?page=1 HTTP/1.1" 200 OK
INFO:     127.0.0.1:64696 - "GET /api/templates/2dceb4e0-5d04-4843-8fe7-365b39e2858e/preview?page=1 HTTP/1.1" 200 OK
WARNING:  WatchFiles detected changes in 'app/main.py'. Reloading...
INFO:     Shutting down
INFO:     Waiting for application shutdown.
INFO:     Application shutdown complete.
INFO:     Finished server process [11032]
/Users/doyoung_kim/Documents/Git/report/backend/venv/lib/python3.9/site-packages/pypdf/_crypt_providers/_cryptography.py:32: CryptographyDeprecationWarning: ARC4 has been moved to cryptography.hazmat.decrepit.ciphers.algorithms.ARC4 and will be removed from cryptography.hazmat.primitives.ciphers.algorithms in 48.0.0.
  from cryptography.hazmat.primitives.ciphers.algorithms import AES, ARC4
INFO:     Started server process [27529]
INFO:     Waiting for application startup.
INFO:     Application startup complete.
WARNING:  WatchFiles detected changes in 'app/main.py'. Reloading...
INFO:     Shutting down
INFO:     Waiting for application shutdown.
INFO:     Application shutdown complete.
INFO:     Finished server process [27529]
/Users/doyoung_kim/Documents/Git/report/backend/venv/lib/python3.9/site-packages/pypdf/_crypt_providers/_cryptography.py:32: CryptographyDeprecationWarning: ARC4 has been moved to cryptography.hazmat.decrepit.ciphers.algorithms.ARC4 and will be removed from cryptography.hazmat.primitives.ciphers.algorithms in 48.0.0.
  from cryptography.hazmat.primitives.ciphers.algorithms import AES, ARC4
INFO:     Started server process [27546]
INFO:     Waiting for application startup.
INFO:     Application startup complete.
WARNING:  WatchFiles detected changes in 'app/main.py'. Reloading...
INFO:     Shutting down
INFO:     Waiting for application shutdown.
INFO:     Application shutdown complete.
INFO:     Finished server process [27546]
/Users/doyoung_kim/Documents/Git/report/backend/venv/lib/python3.9/site-packages/pypdf/_crypt_providers/_cryptography.py:32: CryptographyDeprecationWarning: ARC4 has been moved to cryptography.hazmat.decrepit.ciphers.algorithms.ARC4 and will be removed from cryptography.hazmat.primitives.ciphers.algorithms in 48.0.0.
  from cryptography.hazmat.primitives.ciphers.algorithms import AES, ARC4
INFO:     Started server process [27583]
INFO:     Waiting for application startup.
INFO:     Application startup complete.
WARNING:  WatchFiles detected changes in 'app/main.py'. Reloading...
INFO:     Shutting down
INFO:     Waiting for application shutdown.
INFO:     Application shutdown complete.
INFO:     Finished server process [27583]
/Users/doyoung_kim/Documents/Git/report/backend/venv/lib/python3.9/site-packages/pypdf/_crypt_providers/_cryptography.py:32: CryptographyDeprecationWarning: ARC4 has been moved to cryptography.hazmat.decrepit.ciphers.algorithms.ARC4 and will be removed from cryptography.hazmat.primitives.ciphers.algorithms in 48.0.0.
  from cryptography.hazmat.primitives.ciphers.algorithms import AES, ARC4
INFO:     Started server process [27592]
INFO:     Waiting for application startup.
INFO:     Application startup complete.
WARNING:  WatchFiles detected changes in 'app/main.py'. Reloading...
INFO:     Shutting down
INFO:     Waiting for application shutdown.
INFO:     Application shutdown complete.
INFO:     Finished server process [27592]
/Users/doyoung_kim/Documents/Git/report/backend/venv/lib/python3.9/site-packages/pypdf/_crypt_providers/_cryptography.py:32: CryptographyDeprecationWarning: ARC4 has been moved to cryptography.hazmat.decrepit.ciphers.algorithms.ARC4 and will be removed from cryptography.hazmat.primitives.ciphers.algorithms in 48.0.0.
  from cryptography.hazmat.primitives.ciphers.algorithms import AES, ARC4
INFO:     Started server process [27609]
INFO:     Waiting for application startup.
INFO:     Application startup complete.
WARNING:  WatchFiles detected changes in 'app/main.py'. Reloading...
INFO:     Shutting down
INFO:     Waiting for application shutdown.
INFO:     Application shutdown complete.
INFO:     Finished server process [27609]
/Users/doyoung_kim/Documents/Git/report/backend/venv/lib/python3.9/site-packages/pypdf/_crypt_providers/_cryptography.py:32: CryptographyDeprecationWarning: ARC4 has been moved to cryptography.hazmat.decrepit.ciphers.algorithms.ARC4 and will be removed from cryptography.hazmat.primitives.ciphers.algorithms in 48.0.0.
  from cryptography.hazmat.primitives.ciphers.algorithms import AES, ARC4
INFO:     Started server process [27618]
INFO:     Waiting for application startup.
INFO:     Application startup complete.
WARNING:  WatchFiles detected changes in 'app/main.py'. Reloading...
INFO:     Shutting down
INFO:     Waiting for application shutdown.
INFO:     Application shutdown complete.
INFO:     Finished server process [27618]
/Users/doyoung_kim/Documents/Git/report/backend/venv/lib/python3.9/site-packages/pypdf/_crypt_providers/_cryptography.py:32: CryptographyDeprecationWarning: ARC4 has been moved to cryptography.hazmat.decrepit.ciphers.algorithms.ARC4 and will be removed from cryptography.hazmat.primitives.ciphers.algorithms in 48.0.0.
  from cryptography.hazmat.primitives.ciphers.algorithms import AES, ARC4
INFO:     Started server process [27626]
INFO:     Waiting for application startup.
INFO:     Application startup complete.
WARNING:  WatchFiles detected changes in 'app/main.py'. Reloading...
INFO:     Shutting down
INFO:     Waiting for application shutdown.
INFO:     Application shutdown complete.
INFO:     Finished server process [27626]
/Users/doyoung_kim/Documents/Git/report/backend/venv/lib/python3.9/site-packages/pypdf/_crypt_providers/_cryptography.py:32: CryptographyDeprecationWarning: ARC4 has been moved to cryptography.hazmat.decrepit.ciphers.algorithms.ARC4 and will be removed from cryptography.hazmat.primitives.ciphers.algorithms in 48.0.0.
  from cryptography.hazmat.primitives.ciphers.algorithms import AES, ARC4
INFO:     Started server process [27645]
INFO:     Waiting for application startup.
INFO:     Application startup complete.
WARNING:  WatchFiles detected changes in 'app/main.py'. Reloading...
INFO:     Shutting down
INFO:     Waiting for application shutdown.
INFO:     Application shutdown complete.
INFO:     Finished server process [27645]
/Users/doyoung_kim/Documents/Git/report/backend/venv/lib/python3.9/site-packages/pypdf/_crypt_providers/_cryptography.py:32: CryptographyDeprecationWarning: ARC4 has been moved to cryptography.hazmat.decrepit.ciphers.algorithms.ARC4 and will be removed from cryptography.hazmat.primitives.ciphers.algorithms in 48.0.0.
  from cryptography.hazmat.primitives.ciphers.algorithms import AES, ARC4
INFO:     Started server process [27660]
INFO:     Waiting for application startup.
INFO:     Application startup complete.
WARNING:  WatchFiles detected changes in 'app/main.py'. Reloading...
INFO:     Shutting down
INFO:     Waiting for application shutdown.
INFO:     Application shutdown complete.
INFO:     Finished server process [27660]
/Users/doyoung_kim/Documents/Git/report/backend/venv/lib/python3.9/site-packages/pypdf/_crypt_providers/_cryptography.py:32: CryptographyDeprecationWarning: ARC4 has been moved to cryptography.hazmat.decrepit.ciphers.algorithms.ARC4 and will be removed from cryptography.hazmat.primitives.ciphers.algorithms in 48.0.0.
  from cryptography.hazmat.primitives.ciphers.algorithms import AES, ARC4
INFO:     Started server process [27677]
INFO:     Waiting for application startup.
INFO:     Application startup complete.
WARNING:  WatchFiles detected changes in 'app/main.py'. Reloading...
INFO:     Shutting down
INFO:     Waiting for application shutdown.
INFO:     Application shutdown complete.
INFO:     Finished server process [27677]
WARNING:  WatchFiles detected changes in 'app/main.py'. Reloading...
/Users/doyoung_kim/Documents/Git/report/backend/venv/lib/python3.9/site-packages/pypdf/_crypt_providers/_cryptography.py:32: CryptographyDeprecationWarning: ARC4 has been moved to cryptography.hazmat.decrepit.ciphers.algorithms.ARC4 and will be removed from cryptography.hazmat.primitives.ciphers.algorithms in 48.0.0.
  from cryptography.hazmat.primitives.ciphers.algorithms import AES, ARC4
INFO:     Started server process [27687]
INFO:     Waiting for application startup.
INFO:     Application startup complete.
WARNING:  WatchFiles detected changes in 'app/main.py'. Reloading...
INFO:     Shutting down
INFO:     Waiting for application shutdown.
INFO:     Application shutdown complete.
INFO:     Finished server process [27687]
/Users/doyoung_kim/Documents/Git/report/backend/venv/lib/python3.9/site-packages/pypdf/_crypt_providers/_cryptography.py:32: CryptographyDeprecationWarning: ARC4 has been moved to cryptography.hazmat.decrepit.ciphers.algorithms.ARC4 and will be removed from cryptography.hazmat.primitives.ciphers.algorithms in 48.0.0.
  from cryptography.hazmat.primitives.ciphers.algorithms import AES, ARC4
INFO:     Started server process [27709]
INFO:     Waiting for application startup.
INFO:     Application startup complete.
WARNING:  WatchFiles detected changes in 'app/main.py'. Reloading...
INFO:     Shutting down
INFO:     Waiting for application shutdown.
INFO:     Application shutdown complete.
INFO:     Finished server process [27709]
/Users/doyoung_kim/Documents/Git/report/backend/venv/lib/python3.9/site-packages/pypdf/_crypt_providers/_cryptography.py:32: CryptographyDeprecationWarning: ARC4 has been moved to cryptography.hazmat.decrepit.ciphers.algorithms.ARC4 and will be removed from cryptography.hazmat.primitives.ciphers.algorithms in 48.0.0.
  from cryptography.hazmat.primitives.ciphers.algorithms import AES, ARC4
INFO:     Started server process [27711]
INFO:     Waiting for application startup.
INFO:     Application startup complete.
WARNING:  WatchFiles detected changes in 'app/main.py'. Reloading...
INFO:     Shutting down
INFO:     Waiting for application shutdown.
INFO:     Application shutdown complete.
INFO:     Finished server process [27711]
/Users/doyoung_kim/Documents/Git/report/backend/venv/lib/python3.9/site-packages/pypdf/_crypt_providers/_cryptography.py:32: CryptographyDeprecationWarning: ARC4 has been moved to cryptography.hazmat.decrepit.ciphers.algorithms.ARC4 and will be removed from cryptography.hazmat.primitives.ciphers.algorithms in 48.0.0.
  from cryptography.hazmat.primitives.ciphers.algorithms import AES, ARC4
INFO:     Started server process [27728]
INFO:     Waiting for application startup.
INFO:     Application startup complete.
WARNING:  WatchFiles detected changes in 'app/main.py'. Reloading...
INFO:     Shutting down
INFO:     Waiting for application shutdown.
INFO:     Application shutdown complete.
INFO:     Finished server process [27728]
/Users/doyoung_kim/Documents/Git/report/backend/venv/lib/python3.9/site-packages/pypdf/_crypt_providers/_cryptography.py:32: CryptographyDeprecationWarning: ARC4 has been moved to cryptography.hazmat.decrepit.ciphers.algorithms.ARC4 and will be removed from cryptography.hazmat.primitives.ciphers.algorithms in 48.0.0.
  from cryptography.hazmat.primitives.ciphers.algorithms import AES, ARC4
INFO:     Started server process [27736]
INFO:     Waiting for application startup.
INFO:     Application startup complete.
WARNING:  WatchFiles detected changes in 'app/main.py'. Reloading...
INFO:     Shutting down
INFO:     Waiting for application shutdown.
INFO:     Application shutdown complete.
INFO:     Finished server process [27736]
/Users/doyoung_kim/Documents/Git/report/backend/venv/lib/python3.9/site-packages/pypdf/_crypt_providers/_cryptography.py:32: CryptographyDeprecationWarning: ARC4 has been moved to cryptography.hazmat.decrepit.ciphers.algorithms.ARC4 and will be removed from cryptography.hazmat.primitives.ciphers.algorithms in 48.0.0.
  from cryptography.hazmat.primitives.ciphers.algorithms import AES, ARC4
INFO:     Started server process [27744]
INFO:     Waiting for application startup.
INFO:     Application startup complete.
WARNING:  WatchFiles detected changes in 'app/main.py'. Reloading...
INFO:     Shutting down
INFO:     Waiting for application shutdown.
INFO:     Application shutdown complete.
INFO:     Finished server process [27744]
/Users/doyoung_kim/Documents/Git/report/backend/venv/lib/python3.9/site-packages/pypdf/_crypt_providers/_cryptography.py:32: CryptographyDeprecationWarning: ARC4 has been moved to cryptography.hazmat.decrepit.ciphers.algorithms.ARC4 and will be removed from cryptography.hazmat.primitives.ciphers.algorithms in 48.0.0.
  from cryptography.hazmat.primitives.ciphers.algorithms import AES, ARC4
INFO:     Started server process [27752]
INFO:     Waiting for application startup.
INFO:     Application startup complete.
WARNING:  WatchFiles detected changes in 'app/main.py'. Reloading...
INFO:     Shutting down
INFO:     Waiting for application shutdown.
INFO:     Application shutdown complete.
INFO:     Finished server process [27752]
/Users/doyoung_kim/Documents/Git/report/backend/venv/lib/python3.9/site-packages/pypdf/_crypt_providers/_cryptography.py:32: CryptographyDeprecationWarning: ARC4 has been moved to cryptography.hazmat.decrepit.ciphers.algorithms.ARC4 and will be removed from cryptography.hazmat.primitives.ciphers.algorithms in 48.0.0.
  from cryptography.hazmat.primitives.ciphers.algorithms import AES, ARC4
INFO:     Started server process [27767]
INFO:     Waiting for application startup.
INFO:     Application startup complete.
WARNING:  WatchFiles detected changes in 'app/main.py'. Reloading...
INFO:     Shutting down
INFO:     Waiting for application shutdown.
INFO:     Application shutdown complete.
INFO:     Finished server process [27767]
/Users/doyoung_kim/Documents/Git/report/backend/venv/lib/python3.9/site-packages/pypdf/_crypt_providers/_cryptography.py:32: CryptographyDeprecationWarning: ARC4 has been moved to cryptography.hazmat.decrepit.ciphers.algorithms.ARC4 and will be removed from cryptography.hazmat.primitives.ciphers.algorithms in 48.0.0.
  from cryptography.hazmat.primitives.ciphers.algorithms import AES, ARC4
INFO:     Started server process [27797]
INFO:     Waiting for application startup.
INFO:     Application startup complete.
WARNING:  WatchFiles detected changes in 'app/main.py'. Reloading...
INFO:     Shutting down
INFO:     Waiting for application shutdown.
INFO:     Application shutdown complete.
INFO:     Finished server process [27797]
/Users/doyoung_kim/Documents/Git/report/backend/venv/lib/python3.9/site-packages/pypdf/_crypt_providers/_cryptography.py:32: CryptographyDeprecationWarning: ARC4 has been moved to cryptography.hazmat.decrepit.ciphers.algorithms.ARC4 and will be removed from cryptography.hazmat.primitives.ciphers.algorithms in 48.0.0.
  from cryptography.hazmat.primitives.ciphers.algorithms import AES, ARC4
INFO:     Started server process [27814]
INFO:     Waiting for application startup.
INFO:     Application startup complete.
WARNING:  WatchFiles detected changes in 'app/main.py'. Reloading...
INFO:     Shutting down
INFO:     Waiting for application shutdown.
INFO:     Application shutdown complete.
INFO:     Finished server process [27814]
/Users/doyoung_kim/Documents/Git/report/backend/venv/lib/python3.9/site-packages/pypdf/_crypt_providers/_cryptography.py:32: CryptographyDeprecationWarning: ARC4 has been moved to cryptography.hazmat.decrepit.ciphers.algorithms.ARC4 and will be removed from cryptography.hazmat.primitives.ciphers.algorithms in 48.0.0.
  from cryptography.hazmat.primitives.ciphers.algorithms import AES, ARC4
INFO:     Started server process [27851]
INFO:     Waiting for application startup.
INFO:     Application startup complete.
WARNING:  WatchFiles detected changes in 'app/main.py'. Reloading...
INFO:     Shutting down
INFO:     Waiting for application shutdown.
INFO:     Application shutdown complete.
INFO:     Finished server process [27851]
/Users/doyoung_kim/Documents/Git/report/backend/venv/lib/python3.9/site-packages/pypdf/_crypt_providers/_cryptography.py:32: CryptographyDeprecationWarning: ARC4 has been moved to cryptography.hazmat.decrepit.ciphers.algorithms.ARC4 and will be removed from cryptography.hazmat.primitives.ciphers.algorithms in 48.0.0.
  from cryptography.hazmat.primitives.ciphers.algorithms import AES, ARC4
INFO:     Started server process [27852]
INFO:     Waiting for application startup.
INFO:     Application startup complete.
WARNING:  WatchFiles detected changes in 'app/main.py'. Reloading...
INFO:     Shutting down
INFO:     Waiting for application shutdown.
INFO:     Application shutdown complete.
INFO:     Finished server process [27852]
/Users/doyoung_kim/Documents/Git/report/backend/venv/lib/python3.9/site-packages/pypdf/_crypt_providers/_cryptography.py:32: CryptographyDeprecationWarning: ARC4 has been moved to cryptography.hazmat.decrepit.ciphers.algorithms.ARC4 and will be removed from cryptography.hazmat.primitives.ciphers.algorithms in 48.0.0.
  from cryptography.hazmat.primitives.ciphers.algorithms import AES, ARC4
INFO:     Started server process [27860]
INFO:     Waiting for application startup.
INFO:     Application startup complete.
WARNING:  WatchFiles detected changes in 'app/main.py'. Reloading...
INFO:     Shutting down
INFO:     Waiting for application shutdown.
INFO:     Application shutdown complete.
INFO:     Finished server process [27860]
/Users/doyoung_kim/Documents/Git/report/backend/venv/lib/python3.9/site-packages/pypdf/_crypt_providers/_cryptography.py:32: CryptographyDeprecationWarning: ARC4 has been moved to cryptography.hazmat.decrepit.ciphers.algorithms.ARC4 and will be removed from cryptography.hazmat.primitives.ciphers.algorithms in 48.0.0.
  from cryptography.hazmat.primitives.ciphers.algorithms import AES, ARC4
INFO:     Started server process [27889]
INFO:     Waiting for application startup.
INFO:     Application startup complete.
WARNING:  WatchFiles detected changes in 'app/main.py'. Reloading...
INFO:     Shutting down
INFO:     Waiting for application shutdown.
INFO:     Application shutdown complete.
INFO:     Finished server process [27889]
/Users/doyoung_kim/Documents/Git/report/backend/venv/lib/python3.9/site-packages/pypdf/_crypt_providers/_cryptography.py:32: CryptographyDeprecationWarning: ARC4 has been moved to cryptography.hazmat.decrepit.ciphers.algorithms.ARC4 and will be removed from cryptography.hazmat.primitives.ciphers.algorithms in 48.0.0.
  from cryptography.hazmat.primitives.ciphers.algorithms import AES, ARC4
INFO:     Started server process [27898]
INFO:     Waiting for application startup.
INFO:     Application startup complete.
WARNING:  WatchFiles detected changes in 'app/main.py'. Reloading...
INFO:     Shutting down
INFO:     Waiting for application shutdown.
INFO:     Application shutdown complete.
INFO:     Finished server process [27898]
/Users/doyoung_kim/Documents/Git/report/backend/venv/lib/python3.9/site-packages/pypdf/_crypt_providers/_cryptography.py:32: CryptographyDeprecationWarning: ARC4 has been moved to cryptography.hazmat.decrepit.ciphers.algorithms.ARC4 and will be removed from cryptography.hazmat.primitives.ciphers.algorithms in 48.0.0.
  from cryptography.hazmat.primitives.ciphers.algorithms import AES, ARC4
INFO:     Started server process [27929]
INFO:     Waiting for application startup.
INFO:     Application startup complete.
WARNING:  WatchFiles detected changes in 'app/main.py'. Reloading...
INFO:     Shutting down
INFO:     Waiting for application shutdown.
INFO:     Application shutdown complete.
INFO:     Finished server process [27929]
/Users/doyoung_kim/Documents/Git/report/backend/venv/lib/python3.9/site-packages/pypdf/_crypt_providers/_cryptography.py:32: CryptographyDeprecationWarning: ARC4 has been moved to cryptography.hazmat.decrepit.ciphers.algorithms.ARC4 and will be removed from cryptography.hazmat.primitives.ciphers.algorithms in 48.0.0.
  from cryptography.hazmat.primitives.ciphers.algorithms import AES, ARC4
INFO:     Started server process [27931]
INFO:     Waiting for application startup.
INFO:     Application startup complete.
WARNING:  WatchFiles detected changes in 'app/main.py'. Reloading...
INFO:     Shutting down
INFO:     Waiting for application shutdown.
INFO:     Application shutdown complete.
INFO:     Finished server process [27931]
/Users/doyoung_kim/Documents/Git/report/backend/venv/lib/python3.9/site-packages/pypdf/_crypt_providers/_cryptography.py:32: CryptographyDeprecationWarning: ARC4 has been moved to cryptography.hazmat.decrepit.ciphers.algorithms.ARC4 and will be removed from cryptography.hazmat.primitives.ciphers.algorithms in 48.0.0.
  from cryptography.hazmat.primitives.ciphers.algorithms import AES, ARC4
INFO:     Started server process [27946]
INFO:     Waiting for application startup.
INFO:     Application startup complete.
WARNING:  WatchFiles detected changes in 'app/services/auth_service.py', 'app/main.py'. Reloading...
INFO:     Shutting down
INFO:     Waiting for application shutdown.
INFO:     Application shutdown complete.
INFO:     Finished server process [27946]
/Users/doyoung_kim/Documents/Git/report/backend/venv/lib/python3.9/site-packages/pypdf/_crypt_providers/_cryptography.py:32: CryptographyDeprecationWarning: ARC4 has been moved to cryptography.hazmat.decrepit.ciphers.algorithms.ARC4 and will be removed from cryptography.hazmat.primitives.ciphers.algorithms in 48.0.0.
  from cryptography.hazmat.primitives.ciphers.algorithms import AES, ARC4
INFO:     Started server process [27990]
INFO:     Waiting for application startup.
INFO:     Application startup complete.
WARNING:  WatchFiles detected changes in 'app/services/auth_service.py'. Reloading...
INFO:     Shutting down
INFO:     Waiting for application shutdown.
INFO:     Application shutdown complete.
INFO:     Finished server process [27990]
/Users/doyoung_kim/Documents/Git/report/backend/venv/lib/python3.9/site-packages/pypdf/_crypt_providers/_cryptography.py:32: CryptographyDeprecationWarning: ARC4 has been moved to cryptography.hazmat.decrepit.ciphers.algorithms.ARC4 and will be removed from cryptography.hazmat.primitives.ciphers.algorithms in 48.0.0.
  from cryptography.hazmat.primitives.ciphers.algorithms import AES, ARC4
INFO:     Started server process [28007]
INFO:     Waiting for application startup.
INFO:     Application startup complete.
WARNING:  WatchFiles detected changes in 'app/services/auth_service.py'. Reloading...
INFO:     Shutting down
INFO:     Waiting for application shutdown.
INFO:     Application shutdown complete.
INFO:     Finished server process [28007]
/Users/doyoung_kim/Documents/Git/report/backend/venv/lib/python3.9/site-packages/pypdf/_crypt_providers/_cryptography.py:32: CryptographyDeprecationWarning: ARC4 has been moved to cryptography.hazmat.decrepit.ciphers.algorithms.ARC4 and will be removed from cryptography.hazmat.primitives.ciphers.algorithms in 48.0.0.
  from cryptography.hazmat.primitives.ciphers.algorithms import AES, ARC4
INFO:     Started server process [28015]
INFO:     Waiting for application startup.
INFO:     Application startup complete.
WARNING:  WatchFiles detected changes in 'app/main.py'. Reloading...
INFO:     Shutting down
INFO:     Waiting for application shutdown.
INFO:     Application shutdown complete.
INFO:     Finished server process [28015]
/Users/doyoung_kim/Documents/Git/report/backend/venv/lib/python3.9/site-packages/pypdf/_crypt_providers/_cryptography.py:32: CryptographyDeprecationWarning: ARC4 has been moved to cryptography.hazmat.decrepit.ciphers.algorithms.ARC4 and will be removed from cryptography.hazmat.primitives.ciphers.algorithms in 48.0.0.
  from cryptography.hazmat.primitives.ciphers.algorithms import AES, ARC4
INFO:     Started server process [28023]
INFO:     Waiting for application startup.
INFO:     Application startup complete.
WARNING:  WatchFiles detected changes in 'app/services/auth_service.py'. Reloading...
INFO:     Shutting down
INFO:     Waiting for application shutdown.
INFO:     Application shutdown complete.
INFO:     Finished server process [28023]
/Users/doyoung_kim/Documents/Git/report/backend/venv/lib/python3.9/site-packages/pypdf/_crypt_providers/_cryptography.py:32: CryptographyDeprecationWarning: ARC4 has been moved to cryptography.hazmat.decrepit.ciphers.algorithms.ARC4 and will be removed from cryptography.hazmat.primitives.ciphers.algorithms in 48.0.0.
  from cryptography.hazmat.primitives.ciphers.algorithms import AES, ARC4
INFO:     Started server process [28031]
INFO:     Waiting for application startup.
INFO:     Application startup complete.
WARNING:  WatchFiles detected changes in 'app/services/auth_service.py'. Reloading...
INFO:     Shutting down
INFO:     Waiting for application shutdown.
INFO:     Application shutdown complete.
INFO:     Finished server process [28031]
/Users/doyoung_kim/Documents/Git/report/backend/venv/lib/python3.9/site-packages/pypdf/_crypt_providers/_cryptography.py:32: CryptographyDeprecationWarning: ARC4 has been moved to cryptography.hazmat.decrepit.ciphers.algorithms.ARC4 and will be removed from cryptography.hazmat.primitives.ciphers.algorithms in 48.0.0.
  from cryptography.hazmat.primitives.ciphers.algorithms import AES, ARC4
INFO:     Started server process [28047]
INFO:     Waiting for application startup.
INFO:     Application startup complete.
WARNING:  WatchFiles detected changes in 'app/services/auth_service.py'. Reloading...
INFO:     Shutting down
INFO:     Waiting for application shutdown.
INFO:     Application shutdown complete.
INFO:     Finished server process [28047]
/Users/doyoung_kim/Documents/Git/report/backend/venv/lib/python3.9/site-packages/pypdf/_crypt_providers/_cryptography.py:32: CryptographyDeprecationWarning: ARC4 has been moved to cryptography.hazmat.decrepit.ciphers.algorithms.ARC4 and will be removed from cryptography.hazmat.primitives.ciphers.algorithms in 48.0.0.
  from cryptography.hazmat.primitives.ciphers.algorithms import AES, ARC4
INFO:     Started server process [28062]
INFO:     Waiting for application startup.
INFO:     Application startup complete.
WARNING:  WatchFiles detected changes in 'app/services/auth_service.py'. Reloading...
INFO:     Shutting down
INFO:     Waiting for application shutdown.
INFO:     Application shutdown complete.
INFO:     Finished server process [28062]
/Users/doyoung_kim/Documents/Git/report/backend/venv/lib/python3.9/site-packages/pypdf/_crypt_providers/_cryptography.py:32: CryptographyDeprecationWarning: ARC4 has been moved to cryptography.hazmat.decrepit.ciphers.algorithms.ARC4 and will be removed from cryptography.hazmat.primitives.ciphers.algorithms in 48.0.0.
  from cryptography.hazmat.primitives.ciphers.algorithms import AES, ARC4
INFO:     Started server process [28063]
INFO:     Waiting for application startup.
INFO:     Application startup complete.
WARNING:  WatchFiles detected changes in 'app/services/auth_service.py'. Reloading...
INFO:     Shutting down
INFO:     Waiting for application shutdown.
INFO:     Application shutdown complete.
INFO:     Finished server process [28063]
/Users/doyoung_kim/Documents/Git/report/backend/venv/lib/python3.9/site-packages/pypdf/_crypt_providers/_cryptography.py:32: CryptographyDeprecationWarning: ARC4 has been moved to cryptography.hazmat.decrepit.ciphers.algorithms.ARC4 and will be removed from cryptography.hazmat.primitives.ciphers.algorithms in 48.0.0.
  from cryptography.hazmat.primitives.ciphers.algorithms import AES, ARC4
INFO:     Started server process [28078]
INFO:     Waiting for application startup.
INFO:     Application startup complete.
WARNING:  WatchFiles detected changes in 'app/services/auth_service.py'. Reloading...
INFO:     Shutting down
INFO:     Waiting for application shutdown.
INFO:     Application shutdown complete.
INFO:     Finished server process [28078]
/Users/doyoung_kim/Documents/Git/report/backend/venv/lib/python3.9/site-packages/pypdf/_crypt_providers/_cryptography.py:32: CryptographyDeprecationWarning: ARC4 has been moved to cryptography.hazmat.decrepit.ciphers.algorithms.ARC4 and will be removed from cryptography.hazmat.primitives.ciphers.algorithms in 48.0.0.
  from cryptography.hazmat.primitives.ciphers.algorithms import AES, ARC4
INFO:     Started server process [28079]
INFO:     Waiting for application startup.
INFO:     Application startup complete.
WARNING:  WatchFiles detected changes in 'app/services/auth_service.py'. Reloading...
INFO:     Shutting down
INFO:     Waiting for application shutdown.
INFO:     Application shutdown complete.
INFO:     Finished server process [28079]
/Users/doyoung_kim/Documents/Git/report/backend/venv/lib/python3.9/site-packages/pypdf/_crypt_providers/_cryptography.py:32: CryptographyDeprecationWarning: ARC4 has been moved to cryptography.hazmat.decrepit.ciphers.algorithms.ARC4 and will be removed from cryptography.hazmat.primitives.ciphers.algorithms in 48.0.0.
  from cryptography.hazmat.primitives.ciphers.algorithms import AES, ARC4
INFO:     Started server process [28087]
INFO:     Waiting for application startup.
INFO:     Application startup complete.
WARNING:  WatchFiles detected changes in 'app/services/auth_service.py'. Reloading...
INFO:     Shutting down
INFO:     Waiting for application shutdown.
INFO:     Application shutdown complete.
INFO:     Finished server process [28087]
/Users/doyoung_kim/Documents/Git/report/backend/venv/lib/python3.9/site-packages/pypdf/_crypt_providers/_cryptography.py:32: CryptographyDeprecationWarning: ARC4 has been moved to cryptography.hazmat.decrepit.ciphers.algorithms.ARC4 and will be removed from cryptography.hazmat.primitives.ciphers.algorithms in 48.0.0.
  from cryptography.hazmat.primitives.ciphers.algorithms import AES, ARC4
INFO:     Started server process [28095]
INFO:     Waiting for application startup.
INFO:     Application startup complete.
WARNING:  WatchFiles detected changes in 'app/services/auth_service.py'. Reloading...
INFO:     Shutting down
INFO:     Waiting for application shutdown.
INFO:     Application shutdown complete.
INFO:     Finished server process [28095]
WARNING:  WatchFiles detected changes in 'app/services/auth_service.py'. Reloading...
/Users/doyoung_kim/Documents/Git/report/backend/venv/lib/python3.9/site-packages/pypdf/_crypt_providers/_cryptography.py:32: CryptographyDeprecationWarning: ARC4 has been moved to cryptography.hazmat.decrepit.ciphers.algorithms.ARC4 and will be removed from cryptography.hazmat.primitives.ciphers.algorithms in 48.0.0.
  from cryptography.hazmat.primitives.ciphers.algorithms import AES, ARC4
INFO:     Started server process [28107]
INFO:     Waiting for application startup.
INFO:     Application startup complete.
WARNING:  WatchFiles detected changes in 'app/services/auth_service.py'. Reloading...
INFO:     Shutting down
INFO:     Waiting for application shutdown.
INFO:     Application shutdown complete.
INFO:     Finished server process [28107]
/Users/doyoung_kim/Documents/Git/report/backend/venv/lib/python3.9/site-packages/pypdf/_crypt_providers/_cryptography.py:32: CryptographyDeprecationWarning: ARC4 has been moved to cryptography.hazmat.decrepit.ciphers.algorithms.ARC4 and will be removed from cryptography.hazmat.primitives.ciphers.algorithms in 48.0.0.
  from cryptography.hazmat.primitives.ciphers.algorithms import AES, ARC4
INFO:     Started server process [28122]
INFO:     Waiting for application startup.
INFO:     Application startup complete.
WARNING:  WatchFiles detected changes in 'app/services/auth_service.py'. Reloading...
INFO:     Shutting down
INFO:     Waiting for application shutdown.
INFO:     Application shutdown complete.
INFO:     Finished server process [28122]
/Users/doyoung_kim/Documents/Git/report/backend/venv/lib/python3.9/site-packages/pypdf/_crypt_providers/_cryptography.py:32: CryptographyDeprecationWarning: ARC4 has been moved to cryptography.hazmat.decrepit.ciphers.algorithms.ARC4 and will be removed from cryptography.hazmat.primitives.ciphers.algorithms in 48.0.0.
  from cryptography.hazmat.primitives.ciphers.algorithms import AES, ARC4
INFO:     Started server process [28123]
INFO:     Waiting for application startup.
INFO:     Application startup complete.
WARNING:  WatchFiles detected changes in 'app/services/auth_service.py'. Reloading...
INFO:     Shutting down
INFO:     Waiting for application shutdown.
INFO:     Application shutdown complete.
INFO:     Finished server process [28123]
/Users/doyoung_kim/Documents/Git/report/backend/venv/lib/python3.9/site-packages/pypdf/_crypt_providers/_cryptography.py:32: CryptographyDeprecationWarning: ARC4 has been moved to cryptography.hazmat.decrepit.ciphers.algorithms.ARC4 and will be removed from cryptography.hazmat.primitives.ciphers.algorithms in 48.0.0.
  from cryptography.hazmat.primitives.ciphers.algorithms import AES, ARC4
INFO:     Started server process [28131]
INFO:     Waiting for application startup.
INFO:     Application startup complete.
WARNING:  WatchFiles detected changes in 'app/services/auth_service.py'. Reloading...
INFO:     Shutting down
INFO:     Waiting for application shutdown.
INFO:     Application shutdown complete.
INFO:     Finished server process [28131]
/Users/doyoung_kim/Documents/Git/report/backend/venv/lib/python3.9/site-packages/pypdf/_crypt_providers/_cryptography.py:32: CryptographyDeprecationWarning: ARC4 has been moved to cryptography.hazmat.decrepit.ciphers.algorithms.ARC4 and will be removed from cryptography.hazmat.primitives.ciphers.algorithms in 48.0.0.
  from cryptography.hazmat.primitives.ciphers.algorithms import AES, ARC4
INFO:     Started server process [28139]
INFO:     Waiting for application startup.
INFO:     Application startup complete.
WARNING:  WatchFiles detected changes in 'app/services/template_service.py'. Reloading...
INFO:     Shutting down
INFO:     Waiting for application shutdown.
INFO:     Application shutdown complete.
INFO:     Finished server process [28139]
/Users/doyoung_kim/Documents/Git/report/backend/venv/lib/python3.9/site-packages/pypdf/_crypt_providers/_cryptography.py:32: CryptographyDeprecationWarning: ARC4 has been moved to cryptography.hazmat.decrepit.ciphers.algorithms.ARC4 and will be removed from cryptography.hazmat.primitives.ciphers.algorithms in 48.0.0.
  from cryptography.hazmat.primitives.ciphers.algorithms import AES, ARC4
INFO:     Started server process [28147]
INFO:     Waiting for application startup.
INFO:     Application startup complete.
WARNING:  WatchFiles detected changes in 'app/services/template_service.py'. Reloading...
INFO:     Shutting down
INFO:     Waiting for application shutdown.
INFO:     Application shutdown complete.
INFO:     Finished server process [28147]
/Users/doyoung_kim/Documents/Git/report/backend/venv/lib/python3.9/site-packages/pypdf/_crypt_providers/_cryptography.py:32: CryptographyDeprecationWarning: ARC4 has been moved to cryptography.hazmat.decrepit.ciphers.algorithms.ARC4 and will be removed from cryptography.hazmat.primitives.ciphers.algorithms in 48.0.0.
  from cryptography.hazmat.primitives.ciphers.algorithms import AES, ARC4
INFO:     Started server process [28163]
INFO:     Waiting for application startup.
INFO:     Application startup complete.
WARNING:  WatchFiles detected changes in 'app/services/template_service.py'. Reloading...
INFO:     Shutting down
INFO:     Waiting for application shutdown.
INFO:     Application shutdown complete.
INFO:     Finished server process [28163]
/Users/doyoung_kim/Documents/Git/report/backend/venv/lib/python3.9/site-packages/pypdf/_crypt_providers/_cryptography.py:32: CryptographyDeprecationWarning: ARC4 has been moved to cryptography.hazmat.decrepit.ciphers.algorithms.ARC4 and will be removed from cryptography.hazmat.primitives.ciphers.algorithms in 48.0.0.
  from cryptography.hazmat.primitives.ciphers.algorithms import AES, ARC4
INFO:     Started server process [28172]
INFO:     Waiting for application startup.
INFO:     Application startup complete.
WARNING:  WatchFiles detected changes in 'app/services/auth_service.py'. Reloading...
INFO:     Shutting down
INFO:     Waiting for application shutdown.
INFO:     Application shutdown complete.
INFO:     Finished server process [28172]
/Users/doyoung_kim/Documents/Git/report/backend/venv/lib/python3.9/site-packages/pypdf/_crypt_providers/_cryptography.py:32: CryptographyDeprecationWarning: ARC4 has been moved to cryptography.hazmat.decrepit.ciphers.algorithms.ARC4 and will be removed from cryptography.hazmat.primitives.ciphers.algorithms in 48.0.0.
  from cryptography.hazmat.primitives.ciphers.algorithms import AES, ARC4
INFO:     Started server process [28180]
INFO:     Waiting for application startup.
INFO:     Application startup complete.
WARNING:  WatchFiles detected changes in 'app/services/template_service.py'. Reloading...
INFO:     Shutting down
INFO:     Waiting for application shutdown.
INFO:     Application shutdown complete.
INFO:     Finished server process [28180]
/Users/doyoung_kim/Documents/Git/report/backend/venv/lib/python3.9/site-packages/pypdf/_crypt_providers/_cryptography.py:32: CryptographyDeprecationWarning: ARC4 has been moved to cryptography.hazmat.decrepit.ciphers.algorithms.ARC4 and will be removed from cryptography.hazmat.primitives.ciphers.algorithms in 48.0.0.
  from cryptography.hazmat.primitives.ciphers.algorithms import AES, ARC4
INFO:     Started server process [28188]
INFO:     Waiting for application startup.
INFO:     Application startup complete.
WARNING:  WatchFiles detected changes in 'app/services/template_service.py'. Reloading...
INFO:     Shutting down
INFO:     Waiting for application shutdown.
INFO:     Application shutdown complete.
INFO:     Finished server process [28188]
/Users/doyoung_kim/Documents/Git/report/backend/venv/lib/python3.9/site-packages/pypdf/_crypt_providers/_cryptography.py:32: CryptographyDeprecationWarning: ARC4 has been moved to cryptography.hazmat.decrepit.ciphers.algorithms.ARC4 and will be removed from cryptography.hazmat.primitives.ciphers.algorithms in 48.0.0.
  from cryptography.hazmat.primitives.ciphers.algorithms import AES, ARC4
INFO:     Started server process [28204]
INFO:     Waiting for application startup.
INFO:     Application startup complete.
WARNING:  WatchFiles detected changes in 'app/services/auth_service.py'. Reloading...
INFO:     Shutting down
INFO:     Waiting for application shutdown.
INFO:     Application shutdown complete.
INFO:     Finished server process [28204]
/Users/doyoung_kim/Documents/Git/report/backend/venv/lib/python3.9/site-packages/pypdf/_crypt_providers/_cryptography.py:32: CryptographyDeprecationWarning: ARC4 has been moved to cryptography.hazmat.decrepit.ciphers.algorithms.ARC4 and will be removed from cryptography.hazmat.primitives.ciphers.algorithms in 48.0.0.
  from cryptography.hazmat.primitives.ciphers.algorithms import AES, ARC4
INFO:     Started server process [28207]
INFO:     Waiting for application startup.
INFO:     Application startup complete.
WARNING:  WatchFiles detected changes in 'app/services/pdf_service.py'. Reloading...
INFO:     Shutting down
INFO:     Waiting for application shutdown.
INFO:     Application shutdown complete.
INFO:     Finished server process [28207]
/Users/doyoung_kim/Documents/Git/report/backend/venv/lib/python3.9/site-packages/pypdf/_crypt_providers/_cryptography.py:32: CryptographyDeprecationWarning: ARC4 has been moved to cryptography.hazmat.decrepit.ciphers.algorithms.ARC4 and will be removed from cryptography.hazmat.primitives.ciphers.algorithms in 48.0.0.
  from cryptography.hazmat.primitives.ciphers.algorithms import AES, ARC4
INFO:     Started server process [28223]
INFO:     Waiting for application startup.
INFO:     Application startup complete.
WARNING:  WatchFiles detected changes in 'app/services/template_service.py'. Reloading...
INFO:     Shutting down
INFO:     Waiting for application shutdown.
INFO:     Application shutdown complete.
INFO:     Finished server process [28223]
/Users/doyoung_kim/Documents/Git/report/backend/venv/lib/python3.9/site-packages/pypdf/_crypt_providers/_cryptography.py:32: CryptographyDeprecationWarning: ARC4 has been moved to cryptography.hazmat.decrepit.ciphers.algorithms.ARC4 and will be removed from cryptography.hazmat.primitives.ciphers.algorithms in 48.0.0.
  from cryptography.hazmat.primitives.ciphers.algorithms import AES, ARC4
INFO:     Started server process [28224]
INFO:     Waiting for application startup.
INFO:     Application startup complete.
WARNING:  WatchFiles detected changes in 'app/services/pdf_service.py'. Reloading...
INFO:     Shutting down
INFO:     Waiting for application shutdown.
INFO:     Application shutdown complete.
INFO:     Finished server process [28224]
/Users/doyoung_kim/Documents/Git/report/backend/venv/lib/python3.9/site-packages/pypdf/_crypt_providers/_cryptography.py:32: CryptographyDeprecationWarning: ARC4 has been moved to cryptography.hazmat.decrepit.ciphers.algorithms.ARC4 and will be removed from cryptography.hazmat.primitives.ciphers.algorithms in 48.0.0.
  from cryptography.hazmat.primitives.ciphers.algorithms import AES, ARC4
INFO:     Started server process [28239]
INFO:     Waiting for application startup.
INFO:     Application startup complete.
WARNING:  WatchFiles detected changes in 'app/services/template_service.py'. Reloading...
INFO:     Shutting down
INFO:     Waiting for application shutdown.
INFO:     Application shutdown complete.
INFO:     Finished server process [28239]
/Users/doyoung_kim/Documents/Git/report/backend/venv/lib/python3.9/site-packages/pypdf/_crypt_providers/_cryptography.py:32: CryptographyDeprecationWarning: ARC4 has been moved to cryptography.hazmat.decrepit.ciphers.algorithms.ARC4 and will be removed from cryptography.hazmat.primitives.ciphers.algorithms in 48.0.0.
  from cryptography.hazmat.primitives.ciphers.algorithms import AES, ARC4
WARNING:  WatchFiles detected changes in 'app/services/pdf_service.py'. Reloading...
/Users/doyoung_kim/Documents/Git/report/backend/venv/lib/python3.9/site-packages/pypdf/_crypt_providers/_cryptography.py:32: CryptographyDeprecationWarning: ARC4 has been moved to cryptography.hazmat.decrepit.ciphers.algorithms.ARC4 and will be removed from cryptography.hazmat.primitives.ciphers.algorithms in 48.0.0.
  from cryptography.hazmat.primitives.ciphers.algorithms import AES, ARC4
INFO:     Started server process [28256]
INFO:     Waiting for application startup.
INFO:     Application startup complete.
WARNING:  WatchFiles detected changes in 'app/services/pdf_service.py'. Reloading...
INFO:     Shutting down
INFO:     Waiting for application shutdown.
INFO:     Application shutdown complete.
INFO:     Finished server process [28256]
/Users/doyoung_kim/Documents/Git/report/backend/venv/lib/python3.9/site-packages/pypdf/_crypt_providers/_cryptography.py:32: CryptographyDeprecationWarning: ARC4 has been moved to cryptography.hazmat.decrepit.ciphers.algorithms.ARC4 and will be removed from cryptography.hazmat.primitives.ciphers.algorithms in 48.0.0.
  from cryptography.hazmat.primitives.ciphers.algorithms import AES, ARC4
INFO:     Started server process [28271]
INFO:     Waiting for application startup.
INFO:     Application startup complete.
WARNING:  WatchFiles detected changes in 'app/services/pdf_service.py'. Reloading...
INFO:     Shutting down
INFO:     Waiting for application shutdown.
INFO:     Application shutdown complete.
INFO:     Finished server process [28271]
/Users/doyoung_kim/Documents/Git/report/backend/venv/lib/python3.9/site-packages/pypdf/_crypt_providers/_cryptography.py:32: CryptographyDeprecationWarning: ARC4 has been moved to cryptography.hazmat.decrepit.ciphers.algorithms.ARC4 and will be removed from cryptography.hazmat.primitives.ciphers.algorithms in 48.0.0.
  from cryptography.hazmat.primitives.ciphers.algorithms import AES, ARC4
INFO:     Started server process [28287]
INFO:     Waiting for application startup.
INFO:     Application startup complete.
WARNING:  WatchFiles detected changes in 'app/services/pdf_service.py'. Reloading...
INFO:     Shutting down
INFO:     Waiting for application shutdown.
INFO:     Application shutdown complete.
INFO:     Finished server process [28287]
/Users/doyoung_kim/Documents/Git/report/backend/venv/lib/python3.9/site-packages/pypdf/_crypt_providers/_cryptography.py:32: CryptographyDeprecationWarning: ARC4 has been moved to cryptography.hazmat.decrepit.ciphers.algorithms.ARC4 and will be removed from cryptography.hazmat.primitives.ciphers.algorithms in 48.0.0.
  from cryptography.hazmat.primitives.ciphers.algorithms import AES, ARC4
INFO:     Started server process [28296]
INFO:     Waiting for application startup.
INFO:     Application startup complete.
WARNING:  WatchFiles detected changes in 'app/services/pdf_service.py'. Reloading...
INFO:     Shutting down
INFO:     Waiting for application shutdown.
INFO:     Application shutdown complete.
INFO:     Finished server process [28296]
/Users/doyoung_kim/Documents/Git/report/backend/venv/lib/python3.9/site-packages/pypdf/_crypt_providers/_cryptography.py:32: CryptographyDeprecationWarning: ARC4 has been moved to cryptography.hazmat.decrepit.ciphers.algorithms.ARC4 and will be removed from cryptography.hazmat.primitives.ciphers.algorithms in 48.0.0.
  from cryptography.hazmat.primitives.ciphers.algorithms import AES, ARC4
INFO:     Started server process [28328]
INFO:     Waiting for application startup.
INFO:     Application startup complete.
WARNING:  WatchFiles detected changes in 'app/services/render_service.py'. Reloading...
INFO:     Shutting down
INFO:     Waiting for application shutdown.
INFO:     Application shutdown complete.
INFO:     Finished server process [28328]
/Users/doyoung_kim/Documents/Git/report/backend/venv/lib/python3.9/site-packages/pypdf/_crypt_providers/_cryptography.py:32: CryptographyDeprecationWarning: ARC4 has been moved to cryptography.hazmat.decrepit.ciphers.algorithms.ARC4 and will be removed from cryptography.hazmat.primitives.ciphers.algorithms in 48.0.0.
  from cryptography.hazmat.primitives.ciphers.algorithms import AES, ARC4
INFO:     Started server process [28530]
INFO:     Waiting for application startup.
INFO:     Application startup complete.
WARNING:  WatchFiles detected changes in 'app/services/render_service.py'. Reloading...
INFO:     Shutting down
INFO:     Waiting for application shutdown.
INFO:     Application shutdown complete.
INFO:     Finished server process [28530]
/Users/doyoung_kim/Documents/Git/report/backend/venv/lib/python3.9/site-packages/pypdf/_crypt_providers/_cryptography.py:32: CryptographyDeprecationWarning: ARC4 has been moved to cryptography.hazmat.decrepit.ciphers.algorithms.ARC4 and will be removed from cryptography.hazmat.primitives.ciphers.algorithms in 48.0.0.
  from cryptography.hazmat.primitives.ciphers.algorithms import AES, ARC4
INFO:     Started server process [28545]
INFO:     Waiting for application startup.
INFO:     Application startup complete.
WARNING:  WatchFiles detected changes in 'app/services/render_service.py'. Reloading...
INFO:     Shutting down
INFO:     Waiting for application shutdown.
INFO:     Application shutdown complete.
INFO:     Finished server process [28545]
/Users/doyoung_kim/Documents/Git/report/backend/venv/lib/python3.9/site-packages/pypdf/_crypt_providers/_cryptography.py:32: CryptographyDeprecationWarning: ARC4 has been moved to cryptography.hazmat.decrepit.ciphers.algorithms.ARC4 and will be removed from cryptography.hazmat.primitives.ciphers.algorithms in 48.0.0.
  from cryptography.hazmat.primitives.ciphers.algorithms import AES, ARC4
INFO:     Started server process [28568]
INFO:     Waiting for application startup.
INFO:     Application startup complete.
WARNING:  WatchFiles detected changes in 'app/services/render_service.py'. Reloading...
INFO:     Shutting down
INFO:     Waiting for application shutdown.
INFO:     Application shutdown complete.
INFO:     Finished server process [28568]
/Users/doyoung_kim/Documents/Git/report/backend/venv/lib/python3.9/site-packages/pypdf/_crypt_providers/_cryptography.py:32: CryptographyDeprecationWarning: ARC4 has been moved to cryptography.hazmat.decrepit.ciphers.algorithms.ARC4 and will be removed from cryptography.hazmat.primitives.ciphers.algorithms in 48.0.0.
  from cryptography.hazmat.primitives.ciphers.algorithms import AES, ARC4
INFO:     Started server process [28585]
INFO:     Waiting for application startup.
INFO:     Application startup complete.
WARNING:  WatchFiles detected changes in 'app/services/render_service.py'. Reloading...
INFO:     Shutting down
INFO:     Waiting for application shutdown.
INFO:     Application shutdown complete.
INFO:     Finished server process [28585]
/Users/doyoung_kim/Documents/Git/report/backend/venv/lib/python3.9/site-packages/pypdf/_crypt_providers/_cryptography.py:32: CryptographyDeprecationWarning: ARC4 has been moved to cryptography.hazmat.decrepit.ciphers.algorithms.ARC4 and will be removed from cryptography.hazmat.primitives.ciphers.algorithms in 48.0.0.
  from cryptography.hazmat.primitives.ciphers.algorithms import AES, ARC4
INFO:     Started server process [28601]
INFO:     Waiting for application startup.
INFO:     Application startup complete.
WARNING:  WatchFiles detected changes in 'app/services/render_service.py'. Reloading...
INFO:     Shutting down
INFO:     Waiting for application shutdown.
INFO:     Application shutdown complete.
INFO:     Finished server process [28601]
/Users/doyoung_kim/Documents/Git/report/backend/venv/lib/python3.9/site-packages/pypdf/_crypt_providers/_cryptography.py:32: CryptographyDeprecationWarning: ARC4 has been moved to cryptography.hazmat.decrepit.ciphers.algorithms.ARC4 and will be removed from cryptography.hazmat.primitives.ciphers.algorithms in 48.0.0.
  from cryptography.hazmat.primitives.ciphers.algorithms import AES, ARC4
INFO:     Started server process [28623]
INFO:     Waiting for application startup.
INFO:     Application startup complete.
WARNING:  WatchFiles detected changes in 'app/services/render_service.py'. Reloading...
INFO:     Shutting down
INFO:     Waiting for application shutdown.
INFO:     Application shutdown complete.
INFO:     Finished server process [28623]
/Users/doyoung_kim/Documents/Git/report/backend/venv/lib/python3.9/site-packages/pypdf/_crypt_providers/_cryptography.py:32: CryptographyDeprecationWarning: ARC4 has been moved to cryptography.hazmat.decrepit.ciphers.algorithms.ARC4 and will be removed from cryptography.hazmat.primitives.ciphers.algorithms in 48.0.0.
  from cryptography.hazmat.primitives.ciphers.algorithms import AES, ARC4
INFO:     Started server process [28898]
INFO:     Waiting for application startup.
INFO:     Application startup complete.
WARNING:  WatchFiles detected changes in 'app/services/render_service.py'. Reloading...
INFO:     Shutting down
INFO:     Waiting for application shutdown.
INFO:     Application shutdown complete.
INFO:     Finished server process [28898]
/Users/doyoung_kim/Documents/Git/report/backend/venv/lib/python3.9/site-packages/pypdf/_crypt_providers/_cryptography.py:32: CryptographyDeprecationWarning: ARC4 has been moved to cryptography.hazmat.decrepit.ciphers.algorithms.ARC4 and will be removed from cryptography.hazmat.primitives.ciphers.algorithms in 48.0.0.
  from cryptography.hazmat.primitives.ciphers.algorithms import AES, ARC4
INFO:     Started server process [28927]
INFO:     Waiting for application startup.
INFO:     Application startup complete.
WARNING:  WatchFiles detected changes in 'app/services/render_service.py'. Reloading...
INFO:     Shutting down
INFO:     Waiting for application shutdown.
INFO:     Application shutdown complete.
INFO:     Finished server process [28927]
/Users/doyoung_kim/Documents/Git/report/backend/venv/lib/python3.9/site-packages/pypdf/_crypt_providers/_cryptography.py:32: CryptographyDeprecationWarning: ARC4 has been moved to cryptography.hazmat.decrepit.ciphers.algorithms.ARC4 and will be removed from cryptography.hazmat.primitives.ciphers.algorithms in 48.0.0.
  from cryptography.hazmat.primitives.ciphers.algorithms import AES, ARC4
INFO:     Started server process [29073]
INFO:     Waiting for application startup.
INFO:     Application startup complete.
WARNING:  WatchFiles detected changes in 'app/services/render_service.py'. Reloading...
INFO:     Shutting down
INFO:     Waiting for application shutdown.
INFO:     Application shutdown complete.
INFO:     Finished server process [29073]
/Users/doyoung_kim/Documents/Git/report/backend/venv/lib/python3.9/site-packages/pypdf/_crypt_providers/_cryptography.py:32: CryptographyDeprecationWarning: ARC4 has been moved to cryptography.hazmat.decrepit.ciphers.algorithms.ARC4 and will be removed from cryptography.hazmat.primitives.ciphers.algorithms in 48.0.0.
  from cryptography.hazmat.primitives.ciphers.algorithms import AES, ARC4
INFO:     Started server process [29109]
INFO:     Waiting for application startup.
INFO:     Application startup complete.
WARNING:  WatchFiles detected changes in 'app/services/render_service.py'. Reloading...
INFO:     Shutting down
INFO:     Waiting for application shutdown.
INFO:     Application shutdown complete.
INFO:     Finished server process [29109]
/Users/doyoung_kim/Documents/Git/report/backend/venv/lib/python3.9/site-packages/pypdf/_crypt_providers/_cryptography.py:32: CryptographyDeprecationWarning: ARC4 has been moved to cryptography.hazmat.decrepit.ciphers.algorithms.ARC4 and will be removed from cryptography.hazmat.primitives.ciphers.algorithms in 48.0.0.
  from cryptography.hazmat.primitives.ciphers.algorithms import AES, ARC4
INFO:     Started server process [29140]
INFO:     Waiting for application startup.
INFO:     Application startup complete.
WARNING:  WatchFiles detected changes in 'app/services/render_service.py'. Reloading...
INFO:     Shutting down
INFO:     Waiting for application shutdown.
INFO:     Application shutdown complete.
INFO:     Finished server process [29140]
/Users/doyoung_kim/Documents/Git/report/backend/venv/lib/python3.9/site-packages/pypdf/_crypt_providers/_cryptography.py:32: CryptographyDeprecationWarning: ARC4 has been moved to cryptography.hazmat.decrepit.ciphers.algorithms.ARC4 and will be removed from cryptography.hazmat.primitives.ciphers.algorithms in 48.0.0.
  from cryptography.hazmat.primitives.ciphers.algorithms import AES, ARC4
INFO:     Started server process [29170]
INFO:     Waiting for application startup.
INFO:     Application startup complete.
WARNING:  WatchFiles detected changes in 'app/services/render_service.py'. Reloading...
INFO:     Shutting down
INFO:     Waiting for application shutdown.
INFO:     Application shutdown complete.
INFO:     Finished server process [29170]
/Users/doyoung_kim/Documents/Git/report/backend/venv/lib/python3.9/site-packages/pypdf/_crypt_providers/_cryptography.py:32: CryptographyDeprecationWarning: ARC4 has been moved to cryptography.hazmat.decrepit.ciphers.algorithms.ARC4 and will be removed from cryptography.hazmat.primitives.ciphers.algorithms in 48.0.0.
  from cryptography.hazmat.primitives.ciphers.algorithms import AES, ARC4
INFO:     Started server process [29430]
INFO:     Waiting for application startup.
INFO:     Application startup complete.
WARNING:  WatchFiles detected changes in 'app/services/render_service.py'. Reloading...
INFO:     Shutting down
INFO:     Waiting for application shutdown.
INFO:     Application shutdown complete.
INFO:     Finished server process [29430]
/Users/doyoung_kim/Documents/Git/report/backend/venv/lib/python3.9/site-packages/pypdf/_crypt_providers/_cryptography.py:32: CryptographyDeprecationWarning: ARC4 has been moved to cryptography.hazmat.decrepit.ciphers.algorithms.ARC4 and will be removed from cryptography.hazmat.primitives.ciphers.algorithms in 48.0.0.
  from cryptography.hazmat.primitives.ciphers.algorithms import AES, ARC4
INFO:     Started server process [29471]
INFO:     Waiting for application startup.
INFO:     Application startup complete.
INFO:     127.0.0.1:49706 - "GET /api/templates/2dceb4e0-5d04-4843-8fe7-365b39e2858e HTTP/1.1" 200 OK
INFO:     127.0.0.1:49708 - "GET /api/templates/2dceb4e0-5d04-4843-8fe7-365b39e2858e/preview?page=1 HTTP/1.1" 200 OK
INFO:     127.0.0.1:49711 - "GET /api/templates/2dceb4e0-5d04-4843-8fe7-365b39e2858e/preview?page=1 HTTP/1.1" 200 OK
INFO:     127.0.0.1:49727 - "GET /api/templates/2dceb4e0-5d04-4843-8fe7-365b39e2858e HTTP/1.1" 200 OK
INFO:     127.0.0.1:49728 - "GET /api/templates/2dceb4e0-5d04-4843-8fe7-365b39e2858e/preview?page=1 HTTP/1.1" 200 OK
INFO:     127.0.0.1:49731 - "GET /api/templates/2dceb4e0-5d04-4843-8fe7-365b39e2858e/preview?page=1 HTTP/1.1" 200 OK
INFO:     127.0.0.1:49745 - "GET /api/templates/2dceb4e0-5d04-4843-8fe7-365b39e2858e HTTP/1.1" 200 OK
INFO:     127.0.0.1:49746 - "GET /api/templates/2dceb4e0-5d04-4843-8fe7-365b39e2858e/preview?page=1 HTTP/1.1" 200 OK
INFO:     127.0.0.1:49753 - "GET /api/templates/2dceb4e0-5d04-4843-8fe7-365b39e2858e/preview?page=1 HTTP/1.1" 200 OK
INFO:     127.0.0.1:49762 - "GET /api/templates/2dceb4e0-5d04-4843-8fe7-365b39e2858e HTTP/1.1" 200 OK
INFO:     127.0.0.1:49764 - "GET /api/templates/2dceb4e0-5d04-4843-8fe7-365b39e2858e/preview?page=1 HTTP/1.1" 200 OK
INFO:     127.0.0.1:49767 - "GET /api/templates/2dceb4e0-5d04-4843-8fe7-365b39e2858e/preview?page=1 HTTP/1.1" 200 OK
INFO:     127.0.0.1:49785 - "GET /api/templates/2dceb4e0-5d04-4843-8fe7-365b39e2858e HTTP/1.1" 200 OK
INFO:     127.0.0.1:49787 - "GET /api/templates/2dceb4e0-5d04-4843-8fe7-365b39e2858e/preview?page=1 HTTP/1.1" 200 OK
INFO:     127.0.0.1:49790 - "GET /api/templates/2dceb4e0-5d04-4843-8fe7-365b39e2858e/preview?page=1 HTTP/1.1" 200 OK
INFO:     127.0.0.1:49794 - "GET /api/templates/2dceb4e0-5d04-4843-8fe7-365b39e2858e HTTP/1.1" 200 OK
INFO:     127.0.0.1:49796 - "GET /api/templates/2dceb4e0-5d04-4843-8fe7-365b39e2858e/preview?page=1 HTTP/1.1" 200 OK
INFO:     127.0.0.1:49803 - "GET /api/templates/2dceb4e0-5d04-4843-8fe7-365b39e2858e/preview?page=1 HTTP/1.1" 200 OK
INFO:     127.0.0.1:49816 - "GET /api/templates/2dceb4e0-5d04-4843-8fe7-365b39e2858e HTTP/1.1" 200 OK
INFO:     127.0.0.1:49818 - "GET /api/templates/2dceb4e0-5d04-4843-8fe7-365b39e2858e/preview?page=1 HTTP/1.1" 200 OK
INFO:     127.0.0.1:49821 - "GET /api/templates/2dceb4e0-5d04-4843-8fe7-365b39e2858e/preview?page=1 HTTP/1.1" 200 OK
INFO:     127.0.0.1:49841 - "GET /api/templates/2dceb4e0-5d04-4843-8fe7-365b39e2858e HTTP/1.1" 200 OK
INFO:     127.0.0.1:49842 - "GET /api/templates/2dceb4e0-5d04-4843-8fe7-365b39e2858e/preview?page=1 HTTP/1.1" 200 OK
INFO:     127.0.0.1:49845 - "GET /api/templates/2dceb4e0-5d04-4843-8fe7-365b39e2858e/preview?page=1 HTTP/1.1" 200 OK
INFO:     127.0.0.1:49860 - "GET /api/templates/2dceb4e0-5d04-4843-8fe7-365b39e2858e HTTP/1.1" 200 OK
INFO:     127.0.0.1:49861 - "GET /api/templates/2dceb4e0-5d04-4843-8fe7-365b39e2858e/preview?page=1 HTTP/1.1" 200 OK
INFO:     127.0.0.1:49864 - "GET /api/templates/2dceb4e0-5d04-4843-8fe7-365b39e2858e/preview?page=1 HTTP/1.1" 200 OK
INFO:     127.0.0.1:49955 - "GET /api/templates/2dceb4e0-5d04-4843-8fe7-365b39e2858e HTTP/1.1" 200 OK
INFO:     127.0.0.1:49957 - "GET /api/templates/2dceb4e0-5d04-4843-8fe7-365b39e2858e/preview?page=1 HTTP/1.1" 200 OK
INFO:     127.0.0.1:49960 - "GET /api/templates/2dceb4e0-5d04-4843-8fe7-365b39e2858e/preview?page=1 HTTP/1.1" 200 OK
INFO:     127.0.0.1:49995 - "GET /api/templates/2dceb4e0-5d04-4843-8fe7-365b39e2858e HTTP/1.1" 200 OK
INFO:     127.0.0.1:49996 - "GET /api/templates/2dceb4e0-5d04-4843-8fe7-365b39e2858e/preview?page=1 HTTP/1.1" 200 OK
INFO:     127.0.0.1:49999 - "GET /api/templates/2dceb4e0-5d04-4843-8fe7-365b39e2858e/preview?page=1 HTTP/1.1" 200 OK
INFO:     127.0.0.1:50044 - "GET /api/templates/2dceb4e0-5d04-4843-8fe7-365b39e2858e HTTP/1.1" 200 OK
INFO:     127.0.0.1:50045 - "GET /api/templates/2dceb4e0-5d04-4843-8fe7-365b39e2858e/preview?page=1 HTTP/1.1" 200 OK
INFO:     127.0.0.1:50052 - "GET /api/templates/2dceb4e0-5d04-4843-8fe7-365b39e2858e/preview?page=1 HTTP/1.1" 200 OK
INFO:     127.0.0.1:50062 - "GET /api/templates/2dceb4e0-5d04-4843-8fe7-365b39e2858e HTTP/1.1" 200 OK
INFO:     127.0.0.1:50064 - "GET /api/templates/2dceb4e0-5d04-4843-8fe7-365b39e2858e/preview?page=1 HTTP/1.1" 200 OK
INFO:     127.0.0.1:50067 - "GET /api/templates/2dceb4e0-5d04-4843-8fe7-365b39e2858e/preview?page=1 HTTP/1.1" 200 OK
INFO:     127.0.0.1:50090 - "GET /api/templates/2dceb4e0-5d04-4843-8fe7-365b39e2858e HTTP/1.1" 200 OK
INFO:     127.0.0.1:50091 - "GET /api/templates/2dceb4e0-5d04-4843-8fe7-365b39e2858e/preview?page=1 HTTP/1.1" 200 OK
INFO:     127.0.0.1:50094 - "GET /api/templates/2dceb4e0-5d04-4843-8fe7-365b39e2858e/preview?page=1 HTTP/1.1" 200 OK
INFO:     127.0.0.1:50108 - "GET /api/templates/2dceb4e0-5d04-4843-8fe7-365b39e2858e HTTP/1.1" 200 OK
INFO:     127.0.0.1:50109 - "GET /api/templates/2dceb4e0-5d04-4843-8fe7-365b39e2858e/preview?page=1 HTTP/1.1" 200 OK
INFO:     127.0.0.1:50112 - "GET /api/templates/2dceb4e0-5d04-4843-8fe7-365b39e2858e/preview?page=1 HTTP/1.1" 200 OK
INFO:     127.0.0.1:50125 - "GET /api/templates/2dceb4e0-5d04-4843-8fe7-365b39e2858e HTTP/1.1" 200 OK
INFO:     127.0.0.1:50127 - "GET /api/templates/2dceb4e0-5d04-4843-8fe7-365b39e2858e/preview?page=1 HTTP/1.1" 200 OK
INFO:     127.0.0.1:50130 - "GET /api/templates/2dceb4e0-5d04-4843-8fe7-365b39e2858e/preview?page=1 HTTP/1.1" 200 OK
INFO:     127.0.0.1:50145 - "GET /api/templates/2dceb4e0-5d04-4843-8fe7-365b39e2858e HTTP/1.1" 200 OK
INFO:     127.0.0.1:50147 - "GET /api/templates/2dceb4e0-5d04-4843-8fe7-365b39e2858e/preview?page=1 HTTP/1.1" 200 OK
INFO:     127.0.0.1:50150 - "GET /api/templates/2dceb4e0-5d04-4843-8fe7-365b39e2858e/preview?page=1 HTTP/1.1" 200 OK
INFO:     127.0.0.1:50179 - "GET /api/templates/2dceb4e0-5d04-4843-8fe7-365b39e2858e HTTP/1.1" 200 OK
INFO:     127.0.0.1:50181 - "GET /api/templates/2dceb4e0-5d04-4843-8fe7-365b39e2858e/preview?page=1 HTTP/1.1" 200 OK
INFO:     127.0.0.1:50184 - "GET /api/templates/2dceb4e0-5d04-4843-8fe7-365b39e2858e/preview?page=1 HTTP/1.1" 200 OK
INFO:     127.0.0.1:50209 - "GET /api/templates/2dceb4e0-5d04-4843-8fe7-365b39e2858e HTTP/1.1" 200 OK
INFO:     127.0.0.1:50210 - "GET /api/templates/2dceb4e0-5d04-4843-8fe7-365b39e2858e/preview?page=1 HTTP/1.1" 200 OK
INFO:     127.0.0.1:50213 - "GET /api/templates/2dceb4e0-5d04-4843-8fe7-365b39e2858e/preview?page=1 HTTP/1.1" 200 OK
INFO:     127.0.0.1:50261 - "GET /api/templates/2dceb4e0-5d04-4843-8fe7-365b39e2858e HTTP/1.1" 200 OK
INFO:     127.0.0.1:50263 - "GET /api/templates/2dceb4e0-5d04-4843-8fe7-365b39e2858e/preview?page=1 HTTP/1.1" 200 OK
INFO:     127.0.0.1:50266 - "GET /api/templates/2dceb4e0-5d04-4843-8fe7-365b39e2858e/preview?page=1 HTTP/1.1" 200 OK
INFO:     127.0.0.1:50293 - "GET /api/templates/2dceb4e0-5d04-4843-8fe7-365b39e2858e HTTP/1.1" 200 OK
INFO:     127.0.0.1:50295 - "GET /api/templates/2dceb4e0-5d04-4843-8fe7-365b39e2858e/preview?page=1 HTTP/1.1" 200 OK
INFO:     127.0.0.1:50298 - "GET /api/templates/2dceb4e0-5d04-4843-8fe7-365b39e2858e/preview?page=1 HTTP/1.1" 200 OK
INFO:     127.0.0.1:50320 - "GET /api/templates/2dceb4e0-5d04-4843-8fe7-365b39e2858e HTTP/1.1" 200 OK
INFO:     127.0.0.1:50322 - "GET /api/templates/2dceb4e0-5d04-4843-8fe7-365b39e2858e/preview?page=1 HTTP/1.1" 200 OK
INFO:     127.0.0.1:50325 - "GET /api/templates/2dceb4e0-5d04-4843-8fe7-365b39e2858e/preview?page=1 HTTP/1.1" 200 OK
INFO:     127.0.0.1:50340 - "GET /api/templates/2dceb4e0-5d04-4843-8fe7-365b39e2858e HTTP/1.1" 200 OK
INFO:     127.0.0.1:50342 - "GET /api/templates/2dceb4e0-5d04-4843-8fe7-365b39e2858e/preview?page=1 HTTP/1.1" 200 OK
INFO:     127.0.0.1:50345 - "GET /api/templates/2dceb4e0-5d04-4843-8fe7-365b39e2858e/preview?page=1 HTTP/1.1" 200 OK
INFO:     127.0.0.1:50824 - "GET /api/templates HTTP/1.1" 200 OK
INFO:     127.0.0.1:50855 - "GET /api/templates HTTP/1.1" 200 OK
WARNING:  WatchFiles detected changes in 'app/main.py', 'app/services/pdf_service.py', 'app/services/template_service.py', 'app/services/render_service.py', 'app/services/auth_service.py'. Reloading...
INFO:     Shutting down
INFO:     Waiting for application shutdown.
INFO:     Application shutdown complete.
INFO:     Finished server process [29471]
/Users/doyoung_kim/Documents/Git/report/backend/venv/lib/python3.9/site-packages/pypdf/_crypt_providers/_cryptography.py:32: CryptographyDeprecationWarning: ARC4 has been moved to cryptography.hazmat.decrepit.ciphers.algorithms.ARC4 and will be removed from cryptography.hazmat.primitives.ciphers.algorithms in 48.0.0.
  from cryptography.hazmat.primitives.ciphers.algorithms import AES, ARC4
INFO:     Started server process [31867]
INFO:     Waiting for application startup.
INFO:     Application startup complete.
INFO:     127.0.0.1:51215 - "GET /api/templates HTTP/1.1" 200 OK
WARNING:  WatchFiles detected changes in 'app/main.py', 'app/services/pdf_service.py', 'app/services/template_service.py', 'app/services/render_service.py', 'app/services/auth_service.py'. Reloading...
INFO:     Shutting down
INFO:     Waiting for application shutdown.
INFO:     Application shutdown complete.
INFO:     Finished server process [31867]
/Users/doyoung_kim/Documents/Git/report/backend/venv/lib/python3.9/site-packages/pypdf/_crypt_providers/_cryptography.py:32: CryptographyDeprecationWarning: ARC4 has been moved to cryptography.hazmat.decrepit.ciphers.algorithms.ARC4 and will be removed from cryptography.hazmat.primitives.ciphers.algorithms in 48.0.0.
  from cryptography.hazmat.primitives.ciphers.algorithms import AES, ARC4
INFO:     Started server process [31911]
INFO:     Waiting for application startup.
INFO:     Application startup complete.
WARNING:  WatchFiles detected changes in 'app/services/render_service.py'. Reloading...
INFO:     Shutting down
INFO:     Waiting for application shutdown.
INFO:     Application shutdown complete.
INFO:     Finished server process [31911]
/Users/doyoung_kim/Documents/Git/report/backend/venv/lib/python3.9/site-packages/pypdf/_crypt_providers/_cryptography.py:32: CryptographyDeprecationWarning: ARC4 has been moved to cryptography.hazmat.decrepit.ciphers.algorithms.ARC4 and will be removed from cryptography.hazmat.primitives.ciphers.algorithms in 48.0.0.
  from cryptography.hazmat.primitives.ciphers.algorithms import AES, ARC4
INFO:     Started server process [34930]
INFO:     Waiting for application startup.
INFO:     Application startup complete.
WARNING:  WatchFiles detected changes in 'app/services/render_service.py'. Reloading...
INFO:     Shutting down
INFO:     Waiting for application shutdown.
INFO:     Application shutdown complete.
INFO:     Finished server process [34930]
/Users/doyoung_kim/Documents/Git/report/backend/venv/lib/python3.9/site-packages/pypdf/_crypt_providers/_cryptography.py:32: CryptographyDeprecationWarning: ARC4 has been moved to cryptography.hazmat.decrepit.ciphers.algorithms.ARC4 and will be removed from cryptography.hazmat.primitives.ciphers.algorithms in 48.0.0.
  from cryptography.hazmat.primitives.ciphers.algorithms import AES, ARC4
INFO:     Started server process [34988]
INFO:     Waiting for application startup.
INFO:     Application startup complete.
